{"/mnt/storage_02/Backup_USB2/Backup_Github/DIO-learning/TypeScript Fullstack Developer/Modulo_01/03-Projeto-Construindo.Uma.App.Simples.de.Banco.Com.Typescript/projeto/class/CompanyAccount.ts": {"path":"/mnt/storage_02/Backup_USB2/Backup_Github/DIO-learning/TypeScript Fullstack Developer/Modulo_01/03-Projeto-Construindo.Uma.App.Simples.de.Banco.Com.Typescript/projeto/class/CompanyAccount.ts","statementMap":{"0":{"start":{"line":1,"column":0},"end":{"line":1,"column":41}},"1":{"start":{"line":6,"column":4},"end":{"line":6,"column":null}},"2":{"start":{"line":9,"column":2},"end":{"line":12,"column":null}},"3":{"start":{"line":10,"column":4},"end":{"line":10,"column":null}},"4":{"start":{"line":3,"column":0},"end":{"line":3,"column":13}}},"fnMap":{"0":{"name":"(anonymous_0)","decl":{"start":{"line":5,"column":2},"end":{"line":5,"column":14}},"loc":{"start":{"line":5,"column":49},"end":{"line":7,"column":3}}},"1":{"name":"(anonymous_1)","decl":{"start":{"line":9,"column":12},"end":{"line":9,"column":13}},"loc":{"start":{"line":9,"column":36},"end":{"line":12,"column":3}}}},"branchMap":{},"s":{"0":1,"1":2,"2":2,"3":1,"4":1},"f":{"0":2,"1":1},"b":{}}
,"/mnt/storage_02/Backup_USB2/Backup_Github/DIO-learning/TypeScript Fullstack Developer/Modulo_01/03-Projeto-Construindo.Uma.App.Simples.de.Banco.Com.Typescript/projeto/class/DioAccount.ts": {"path":"/mnt/storage_02/Backup_USB2/Backup_Github/DIO-learning/TypeScript Fullstack Developer/Modulo_01/03-Projeto-Construindo.Uma.App.Simples.de.Banco.Com.Typescript/projeto/class/DioAccount.ts","statementMap":{"0":{"start":{"line":4,"column":2},"end":{"line":4,"column":null}},"1":{"start":{"line":5,"column":10},"end":{"line":5,"column":null}},"2":{"start":{"line":12,"column":2},"end":{"line":15,"column":null}},"3":{"start":{"line":13,"column":4},"end":{"line":13,"column":null}},"4":{"start":{"line":17,"column":2},"end":{"line":19,"column":null}},"5":{"start":{"line":18,"column":4},"end":{"line":18,"column":null}},"6":{"start":{"line":21,"column":2},"end":{"line":26,"column":null}},"7":{"start":{"line":22,"column":4},"end":{"line":25,"column":null}},"8":{"start":{"line":23,"column":6},"end":{"line":23,"column":null}},"9":{"start":{"line":28,"column":2},"end":{"line":35,"column":null}},"10":{"start":{"line":29,"column":4},"end":{"line":34,"column":null}},"11":{"start":{"line":30,"column":6},"end":{"line":30,"column":null}},"12":{"start":{"line":37,"column":2},"end":{"line":39,"column":null}},"13":{"start":{"line":41,"column":10},"end":{"line":47,"column":null}},"14":{"start":{"line":42,"column":4},"end":{"line":44,"column":null}},"15":{"start":{"line":43,"column":6},"end":{"line":43,"column":null}},"16":{"start":{"line":46,"column":4},"end":{"line":46,"column":null}},"17":{"start":{"line":8,"column":4},"end":{"line":8,"column":null}},"18":{"start":{"line":9,"column":4},"end":{"line":9,"column":null}},"19":{"start":{"line":1,"column":0},"end":{"line":1,"column":22}}},"fnMap":{"0":{"name":"(anonymous_0)","decl":{"start":{"line":7,"column":2},"end":{"line":7,"column":14}},"loc":{"start":{"line":7,"column":49},"end":{"line":10,"column":3}}},"1":{"name":"(anonymous_1)","decl":{"start":{"line":12,"column":12},"end":{"line":12,"column":13}},"loc":{"start":{"line":12,"column":35},"end":{"line":15,"column":3}}},"2":{"name":"(anonymous_2)","decl":{"start":{"line":17,"column":12},"end":{"line":17,"column":23}},"loc":{"start":{"line":17,"column":25},"end":{"line":19,"column":3}}},"3":{"name":"(anonymous_3)","decl":{"start":{"line":21,"column":12},"end":{"line":21,"column":13}},"loc":{"start":{"line":21,"column":37},"end":{"line":26,"column":3}}},"4":{"name":"(anonymous_4)","decl":{"start":{"line":28,"column":13},"end":{"line":28,"column":14}},"loc":{"start":{"line":28,"column":37},"end":{"line":35,"column":3}}},"5":{"name":"(anonymous_5)","decl":{"start":{"line":37,"column":15},"end":{"line":37,"column":24}},"loc":{"start":{"line":37,"column":26},"end":{"line":39,"column":3}}},"6":{"name":"(anonymous_6)","decl":{"start":{"line":41,"column":27},"end":{"line":41,"column":39}},"loc":{"start":{"line":41,"column":41},"end":{"line":47,"column":3}}}},"branchMap":{"0":{"loc":{"start":{"line":22,"column":4},"end":{"line":25,"column":null}},"type":"if","locations":[{"start":{"line":22,"column":4},"end":{"line":25,"column":null}}]},"1":{"loc":{"start":{"line":29,"column":4},"end":{"line":34,"column":null}},"type":"if","locations":[{"start":{"line":29,"column":4},"end":{"line":34,"column":null}},{"start":{"line":32,"column":11},"end":{"line":34,"column":null}}]},"2":{"loc":{"start":{"line":42,"column":4},"end":{"line":44,"column":null}},"type":"if","locations":[{"start":{"line":42,"column":4},"end":{"line":44,"column":null}}]}},"s":{"0":10,"1":10,"2":10,"3":2,"4":10,"5":4,"6":10,"7":13,"8":13,"9":10,"10":8,"11":5,"12":10,"13":10,"14":13,"15":13,"16":0,"17":10,"18":10,"19":3},"f":{"0":10,"1":2,"2":4,"3":13,"4":8,"5":0,"6":13},"b":{"0":[13],"1":[5,3],"2":[13]}}
,"/mnt/storage_02/Backup_USB2/Backup_Github/DIO-learning/TypeScript Fullstack Developer/Modulo_01/03-Projeto-Construindo.Uma.App.Simples.de.Banco.Com.Typescript/projeto/class/PeopleAccount.ts": {"path":"/mnt/storage_02/Backup_USB2/Backup_Github/DIO-learning/TypeScript Fullstack Developer/Modulo_01/03-Projeto-Construindo.Uma.App.Simples.de.Banco.Com.Typescript/projeto/class/PeopleAccount.ts","statementMap":{"0":{"start":{"line":1,"column":0},"end":{"line":1,"column":41}},"1":{"start":{"line":7,"column":4},"end":{"line":7,"column":null}},"2":{"start":{"line":8,"column":4},"end":{"line":8,"column":null}},"3":{"start":{"line":3,"column":0},"end":{"line":3,"column":13}}},"fnMap":{"0":{"name":"(anonymous_0)","decl":{"start":{"line":6,"column":2},"end":{"line":6,"column":14}},"loc":{"start":{"line":6,"column":65},"end":{"line":9,"column":3}}}},"branchMap":{},"s":{"0":1,"1":5,"2":5,"3":1},"f":{"0":5},"b":{}}
,"/mnt/storage_02/Backup_USB2/Backup_Github/DIO-learning/TypeScript Fullstack Developer/Modulo_01/03-Projeto-Construindo.Uma.App.Simples.de.Banco.Com.Typescript/projeto/class/SpecialAccount.ts": {"path":"/mnt/storage_02/Backup_USB2/Backup_Github/DIO-learning/TypeScript Fullstack Developer/Modulo_01/03-Projeto-Construindo.Uma.App.Simples.de.Banco.Com.Typescript/projeto/class/SpecialAccount.ts","statementMap":{"0":{"start":{"line":1,"column":0},"end":{"line":1,"column":41}},"1":{"start":{"line":6,"column":4},"end":{"line":6,"column":null}},"2":{"start":{"line":9,"column":2},"end":{"line":12,"column":null}},"3":{"start":{"line":10,"column":4},"end":{"line":10,"column":null}},"4":{"start":{"line":3,"column":0},"end":{"line":3,"column":13}}},"fnMap":{"0":{"name":"(anonymous_0)","decl":{"start":{"line":5,"column":2},"end":{"line":5,"column":14}},"loc":{"start":{"line":5,"column":49},"end":{"line":7,"column":3}}},"1":{"name":"(anonymous_1)","decl":{"start":{"line":9,"column":12},"end":{"line":9,"column":13}},"loc":{"start":{"line":9,"column":36},"end":{"line":12,"column":3}}}},"branchMap":{},"s":{"0":1,"1":3,"2":3,"3":3,"4":1},"f":{"0":3,"1":3},"b":{}}
}
