TN:
SF:class/CompanyAccount.ts
FN:5,(anonymous_0)
FN:9,(anonymous_1)
FNF:2
FNH:2
FNDA:2,(anonymous_0)
FNDA:1,(anonymous_1)
DA:1,1
DA:3,1
DA:6,2
DA:9,2
DA:10,1
LF:5
LH:5
BRF:0
BRH:0
end_of_record
TN:
SF:class/DioAccount.ts
FN:7,(anonymous_0)
FN:12,(anonymous_1)
FN:17,(anonymous_2)
FN:21,(anonymous_3)
FN:28,(anonymous_4)
FN:37,(anonymous_5)
FN:41,(anonymous_6)
FNF:7
FNH:6
FNDA:10,(anonymous_0)
FNDA:2,(anonymous_1)
FNDA:4,(anonymous_2)
FNDA:13,(anonymous_3)
FNDA:8,(anonymous_4)
FNDA:0,(anonymous_5)
FNDA:13,(anonymous_6)
DA:1,3
DA:4,10
DA:5,10
DA:8,10
DA:9,10
DA:12,10
DA:13,2
DA:17,10
DA:18,4
DA:21,10
DA:22,13
DA:23,13
DA:28,10
DA:29,8
DA:30,5
DA:37,10
DA:41,10
DA:42,13
DA:43,13
DA:46,0
LF:20
LH:19
BRDA:22,0,0,13
BRDA:29,1,0,5
BRDA:29,1,1,3
BRDA:42,2,0,13
BRF:4
BRH:4
end_of_record
TN:
SF:class/PeopleAccount.ts
FN:6,(anonymous_0)
FNF:1
FNH:1
FNDA:5,(anonymous_0)
DA:1,1
DA:3,1
DA:7,5
DA:8,5
LF:4
LH:4
BRF:0
BRH:0
end_of_record
TN:
SF:class/SpecialAccount.ts
FN:5,(anonymous_0)
FN:9,(anonymous_1)
FNF:2
FNH:2
FNDA:3,(anonymous_0)
FNDA:3,(anonymous_1)
DA:1,1
DA:3,1
DA:6,3
DA:9,3
DA:10,3
LF:5
LH:5
BRF:0
BRH:0
end_of_record
